Arguments: 
  C:\Program Files\nodejs\node.exe C:\Users\Vesko\AppData\Roaming\npm\node_modules\yarn\bin\yarn.js run build

PATH: 
  C:\Users\Vesko\bin;C:\Program Files\Git\mingw64\bin;C:\Program Files\Git\usr\local\bin;C:\Program Files\Git\usr\bin;C:\Program Files\Git\usr\bin;C:\Program Files\Git\mingw64\bin;C:\Program Files\Git\usr\bin;C:\Users\Vesko\bin;C:\ProgramData\Oracle\Java\javapath;C:\WINDOWS\system32;C:\WINDOWS;C:\WINDOWS\System32\Wbem;C:\WINDOWS\System32\WindowsPowerShell\v1.0;C:\Program Files\OpenVPN\bin;C:\Program Files (x86)\Skype\Phone;C:\HashiCorp\Vagrant\bin;C:\Program Files\Git\cmd;C:\Program Files\nodejs;C:\Ruby22-x64\bin;C:\Users\Vesko\AppData\Local\Microsoft\WindowsApps;C:\Users\Vesko\AppData\Roaming\npm;C:\Program Files\Microsoft VS Code\bin;C:\Program Files\Git\usr\bin\vendor_perl;C:\Program Files\Git\usr\bin\core_perl

Yarn version: 
  1.5.1

Node version: 
  8.9.4

Platform: 
  win32 x64

npm manifest: 
  {
    "name": "indecision-app",
    "version": "1.0.0",
    "description": "",
    "main": "index.js",
    "scripts": {
      "build": "webpack -w",
      "build-babel": "babel src/app.js -w -o public/scripts/app.js --presets=env,react",
      "serve": "live-server public/"
    },
    "author": "Veselin Velichkov",
    "license": "ISC",
    "devDependencies": {
      "babel-cli": "^6.26.0",
      "babel-core": "^6.26.0",
      "babel-loader": "^7.1.4",
      "babel-preset-env": "^1.6.1",
      "babel-preset-react": "^6.24.1",
      "live-server": "^1.2.0",
      "react": "^16.3.1",
      "react-dom": "^16.3.1",
      "validator": "^9.4.1",
      "webpack": "^4.5.0",
      "webpack-cli": "^2.0.14"
    }
  }

yarn manifest: 
  No manifest

Lockfile: 
  No lockfile

Trace: 
  Error: Command failed.
  Exit code: 1
  Command: C:\WINDOWS\system32\cmd.exe
  Arguments: /d /s /c webpack -w
  Directory: C:\www\react\indecision-app
  Output:
  
      at ProcessTermError.MessageError (C:\Users\Vesko\AppData\Roaming\npm\node_modules\yarn\lib\cli.js:186:110)
      at new ProcessTermError (C:\Users\Vesko\AppData\Roaming\npm\node_modules\yarn\lib\cli.js:226:113)
      at ChildProcess.<anonymous> (C:\Users\Vesko\AppData\Roaming\npm\node_modules\yarn\lib\cli.js:30281:17)
      at emitTwo (events.js:126:13)
      at ChildProcess.emit (events.js:214:7)
      at maybeClose (internal/child_process.js:925:16)
      at Process.ChildProcess._handle.onexit (internal/child_process.js:209:5)
